TN:
SF:graphql/resolvers/mutations/add-task.ts
FN:3,(anonymous_1)
FNF:1
FNH:1
FNDA:4,(anonymous_1)
DA:1,1
DA:3,4
DA:19,4
DA:20,1
DA:22,3
DA:23,1
DA:26,2
DA:36,2
DA:37,2
DA:38,1
DA:40,1
LF:11
LH:11
BRDA:8,0,0,4
BRDA:10,1,0,3
BRDA:19,2,0,1
BRDA:22,3,0,1
BRDA:22,4,0,3
BRDA:22,4,1,3
BRF:6
BRH:6
end_of_record
TN:
SF:graphql/resolvers/mutations/say-hello.ts
FN:1,(anonymous_1)
FNF:1
FNH:1
FNDA:1,(anonymous_1)
DA:1,1
DA:2,1
LF:2
LH:2
BRF:0
BRH:0
end_of_record
TN:
SF:graphql/resolvers/mutations/update-task.ts
FN:3,(anonymous_1)
FNF:1
FNH:1
FNDA:6,(anonymous_1)
DA:1,1
DA:3,6
DA:21,6
DA:23,6
DA:24,6
DA:25,6
DA:26,2
DA:27,1
DA:29,1
DA:31,5
DA:32,2
DA:33,1
DA:35,1
DA:37,4
DA:38,4
DA:40,4
DA:42,4
DA:46,2
DA:47,1
DA:50,1
DA:52,5
DA:53,4
DA:58,3
DA:60,1
DA:62,1
LF:25
LH:25
BRDA:24,0,0,4
BRDA:25,1,0,2
BRDA:26,2,0,1
BRDA:31,3,0,2
BRDA:32,4,0,1
BRDA:32,5,0,2
BRDA:32,5,1,2
BRDA:37,6,0,1
BRDA:38,7,0,1
BRDA:46,8,0,1
BRDA:52,9,0,4
BRDA:53,10,0,3
BRDA:54,11,0,4
BRDA:54,11,1,3
BRDA:54,11,2,2
BRF:15
BRH:15
end_of_record
TN:
SF:graphql/resolvers/queries/get-all-tasks.ts
FN:3,(anonymous_1)
FNF:1
FNH:1
FNDA:2,(anonymous_1)
DA:1,1
DA:3,2
DA:4,2
DA:5,2
DA:6,1
DA:8,1
LF:6
LH:6
BRF:0
BRH:0
end_of_record
TN:
SF:graphql/resolvers/queries/get-done-tasks-lists.ts
FN:3,(anonymous_1)
FNF:1
FNH:1
FNDA:2,(anonymous_1)
DA:1,1
DA:3,2
DA:4,2
DA:5,2
DA:6,1
DA:8,1
LF:6
LH:6
BRF:0
BRH:0
end_of_record
TN:
SF:graphql/resolvers/queries/hello-query.ts
FN:1,(anonymous_1)
FNF:1
FNH:1
FNDA:1,(anonymous_1)
DA:1,1
DA:2,1
LF:2
LH:2
BRF:0
BRH:0
end_of_record
TN:
SF:graphql/resolvers/queries/search-tasks.ts
FN:3,(anonymous_1)
FNF:1
FNH:1
FNDA:9,(anonymous_1)
DA:1,1
DA:3,9
DA:19,9
DA:22,9
DA:23,1
DA:30,9
DA:31,1
DA:35,9
DA:36,1
DA:40,9
DA:41,2
DA:45,9
DA:46,2
DA:47,1
DA:49,1
DA:53,9
DA:54,9
DA:55,7
DA:57,2
LF:19
LH:19
BRDA:22,0,0,1
BRDA:30,1,0,1
BRDA:35,2,0,1
BRDA:40,3,0,2
BRDA:45,4,0,2
BRDA:46,5,0,1
BRDA:46,5,1,1
BRF:7
BRH:7
end_of_record
