TN:
SF:graphql/resolvers/mutations/add-task.ts
FN:3,(anonymous_1)
FNF:1
FNH:1
FNDA:2,(anonymous_1)
DA:1,1
DA:3,2
DA:7,2
DA:8,2
DA:9,1
DA:11,1
LF:6
LH:6
BRF:0
BRH:0
end_of_record
TN:
SF:graphql/resolvers/mutations/say-hello.ts
FN:1,(anonymous_1)
FNF:1
FNH:1
FNDA:1,(anonymous_1)
DA:1,1
DA:2,1
LF:2
LH:2
BRF:0
BRH:0
end_of_record
TN:
SF:graphql/resolvers/mutations/update-task.ts
FN:3,(anonymous_1)
FNF:1
FNH:1
FNDA:4,(anonymous_1)
DA:1,1
DA:3,4
DA:18,4
DA:19,4
DA:20,2
DA:21,1
DA:23,1
DA:25,3
DA:26,1
DA:28,2
DA:29,1
DA:31,1
LF:12
LH:12
BRDA:20,0,0,1
BRDA:25,1,0,1
BRDA:25,2,0,3
BRDA:25,2,1,2
BRDA:28,3,0,1
BRF:5
BRH:5
end_of_record
TN:
SF:graphql/resolvers/queries/get-all-tasks.ts
FN:3,(anonymous_1)
FNF:1
FNH:1
FNDA:2,(anonymous_1)
DA:1,1
DA:3,2
DA:4,2
DA:5,2
DA:6,1
DA:8,1
LF:6
LH:6
BRF:0
BRH:0
end_of_record
TN:
SF:graphql/resolvers/queries/get-finished-tasks.ts
FN:3,(anonymous_1)
FNF:1
FNH:1
FNDA:2,(anonymous_1)
DA:1,1
DA:3,2
DA:4,2
DA:5,2
DA:6,1
DA:8,1
LF:6
LH:6
BRF:0
BRH:0
end_of_record
TN:
SF:graphql/resolvers/queries/hello-query.ts
FN:1,(anonymous_1)
FNF:1
FNH:1
FNDA:1,(anonymous_1)
DA:1,1
DA:2,1
LF:2
LH:2
BRF:0
BRH:0
end_of_record
